Build started 10/19/2014 3:05:06 PM.
     1>Project "c:\Users\Michael\Cloud\Heroku\easyctf\src\what\what\what.vcxproj" on node 2 (Build target(s)).
     1>ClCompile:
         C:\Program Files (x86)\Microsoft Visual Studio 12.0\VC\bin\CL.exe /c /ZI /nologo /W3 /WX- /sdl /Od /Oy- /D WIN32 /D _DEBUG /D _CONSOLE /D _LIB /D _UNICODE /D UNICODE /Gm /EHsc /RTC1 /MDd /GS /fp:precise /Zc:wchar_t /Zc:forScope /Fo"Debug\\" /Fd"Debug\vc120.pdb" /Gd /TP /analyze- /errorReport:prompt main.cpp
         main.cpp
     1>c:\users\michael\cloud\heroku\easyctf\src\what\what\main.cpp(32): error C2059: syntax error : ']'
     1>Done Building Project "c:\Users\Michael\Cloud\Heroku\easyctf\src\what\what\what.vcxproj" (Build target(s)) -- FAILED.

Build FAILED.

Time Elapsed 00:00:01.63
